Determining if the pthread_create exist failed with the following output:
Change Dir: /home/robotis/christmann_ws/build/CMakeFiles/CMakeTmp

Run Build Command:"/usr/bin/make" "cmTC_730fd/fast"
/usr/bin/make -f CMakeFiles/cmTC_730fd.dir/build.make CMakeFiles/cmTC_730fd.dir/build
make[1]: Entering directory '/home/robotis/christmann_ws/build/CMakeFiles/CMakeTmp'
Building C object CMakeFiles/cmTC_730fd.dir/CheckSymbolExists.c.o
/usr/bin/cc     -o CMakeFiles/cmTC_730fd.dir/CheckSymbolExists.c.o   -c /home/robotis/christmann_ws/build/CMakeFiles/CMakeTmp/CheckSymbolExists.c
Linking C executable cmTC_730fd
/usr/bin/cmake -E cmake_link_script CMakeFiles/cmTC_730fd.dir/link.txt --verbose=1
/usr/bin/cc       CMakeFiles/cmTC_730fd.dir/CheckSymbolExists.c.o  -o cmTC_730fd -rdynamic 
CMakeFiles/cmTC_730fd.dir/CheckSymbolExists.c.o: In function `main':
CheckSymbolExists.c:(.text+0x16): undefined reference to `pthread_create'
collect2: error: ld returned 1 exit status
CMakeFiles/cmTC_730fd.dir/build.make:97: recipe for target 'cmTC_730fd' failed
make[1]: *** [cmTC_730fd] Error 1
make[1]: Leaving directory '/home/robotis/christmann_ws/build/CMakeFiles/CMakeTmp'
Makefile:126: recipe for target 'cmTC_730fd/fast' failed
make: *** [cmTC_730fd/fast] Error 2

File /home/robotis/christmann_ws/build/CMakeFiles/CMakeTmp/CheckSymbolExists.c:
/* */
#include <pthread.h>

int main(int argc, char** argv)
{
  (void)argv;
#ifndef pthread_create
  return ((int*)(&pthread_create))[argc];
#else
  (void)argc;
  return 0;
#endif
}

Determining if the function pthread_create exists in the pthreads failed with the following output:
Change Dir: /home/robotis/christmann_ws/build/CMakeFiles/CMakeTmp

Run Build Command:"/usr/bin/make" "cmTC_d0eec/fast"
/usr/bin/make -f CMakeFiles/cmTC_d0eec.dir/build.make CMakeFiles/cmTC_d0eec.dir/build
make[1]: Entering directory '/home/robotis/christmann_ws/build/CMakeFiles/CMakeTmp'
Building C object CMakeFiles/cmTC_d0eec.dir/CheckFunctionExists.c.o
/usr/bin/cc    -DCHECK_FUNCTION_EXISTS=pthread_create   -o CMakeFiles/cmTC_d0eec.dir/CheckFunctionExists.c.o   -c /usr/share/cmake-3.5/Modules/CheckFunctionExists.c
Linking C executable cmTC_d0eec
/usr/bin/cmake -E cmake_link_script CMakeFiles/cmTC_d0eec.dir/link.txt --verbose=1
/usr/bin/cc   -DCHECK_FUNCTION_EXISTS=pthread_create    CMakeFiles/cmTC_d0eec.dir/CheckFunctionExists.c.o  -o cmTC_d0eec -rdynamic -lpthreads 
/usr/bin/ld: cannot find -lpthreads
collect2: error: ld returned 1 exit status
CMakeFiles/cmTC_d0eec.dir/build.make:97: recipe for target 'cmTC_d0eec' failed
make[1]: *** [cmTC_d0eec] Error 1
make[1]: Leaving directory '/home/robotis/christmann_ws/build/CMakeFiles/CMakeTmp'
Makefile:126: recipe for target 'cmTC_d0eec/fast' failed
make: *** [cmTC_d0eec/fast] Error 2


